-------------------------------------------------------------------------------
Test set: org.example.testRunner.runners
-------------------------------------------------------------------------------
Tests run: 3, Failures: 2, Errors: 0, Skipped: 0, Time elapsed: 30.454 s <<< FAILURE! - in org.example.testRunner.runners
org.example.testRunner.runners.runScenario  Time elapsed: 7.512 s  <<< FAILURE!
io.cucumber.testng.UndefinedStepException: 
The step 'user go to login page' and 3 other step(s) are undefined.
You can implement these steps using the snippet(s) below:

@Given("user go to login page")
public void user_go_to_login_page() {
    // Write code here that turns the phrase above into concrete actions
    throw new io.cucumber.java.PendingException();
}
@Given("user login with {string} {string} and {string}")
public void user_login_with_and(String string, String string2, String string3) {
    // Write code here that turns the phrase above into concrete actions
    throw new io.cucumber.java.PendingException();
}
@Given("user press on login button")
public void user_press_on_login_button() {
    // Write code here that turns the phrase above into concrete actions
    throw new io.cucumber.java.PendingException();
}
@Given("user login to the system successfully")
public void user_login_to_the_system_successfully() {
    // Write code here that turns the phrase above into concrete actions
    throw new io.cucumber.java.PendingException();
}


org.example.testRunner.runners.runScenario  Time elapsed: 7.318 s  <<< FAILURE!
io.cucumber.testng.UndefinedStepException: 
The step 'user go to login page' and 3 other step(s) are undefined.
You can implement these steps using the snippet(s) below:

@Given("user go to login page")
public void user_go_to_login_page() {
    // Write code here that turns the phrase above into concrete actions
    throw new io.cucumber.java.PendingException();
}
@Given("user login with {string} {string} and {string}")
public void user_login_with_and(String string, String string2, String string3) {
    // Write code here that turns the phrase above into concrete actions
    throw new io.cucumber.java.PendingException();
}
@Given("user press on login button")
public void user_press_on_login_button() {
    // Write code here that turns the phrase above into concrete actions
    throw new io.cucumber.java.PendingException();
}
@Given("user could not login to the system")
public void user_could_not_login_to_the_system() {
    // Write code here that turns the phrase above into concrete actions
    throw new io.cucumber.java.PendingException();
}


